2017-11-14 15:24:01.747 WARN  --- [main] org.mybatis.spring.mapper.ClassPathMapperScanner Line:166 - No MyBatis mapper was found in '[voidcl.SpringBoot.config.dao.BData]' package. Please check your configuration.
2017-11-14 15:24:32.013 WARN  --- [http-nio-8080-exec-1] org.springframework.web.servlet.PageNotFound Line:1176 - No mapping found for HTTP request with URI [/simple/simple/phantom] in DispatcherServlet with name 'dispatcherServlet'
2017-11-14 15:26:39.263 WARN  --- [main] org.mybatis.spring.mapper.ClassPathMapperScanner Line:166 - No MyBatis mapper was found in '[voidcl.SpringBoot.config.dao.BData]' package. Please check your configuration.
2017-11-14 15:26:55.015 WARN  --- [http-nio-8080-exec-1] org.springframework.web.servlet.PageNotFound Line:1176 - No mapping found for HTTP request with URI [/simple/simple/phantom] in DispatcherServlet with name 'dispatcherServlet'
2017-11-14 15:31:41.150 WARN  --- [main] org.mybatis.spring.mapper.ClassPathMapperScanner Line:166 - No MyBatis mapper was found in '[voidcl.SpringBoot.config.dao.BData]' package. Please check your configuration.
2017-11-14 15:31:49.420 WARN  --- [http-nio-8080-exec-1] org.springframework.web.servlet.PageNotFound Line:1176 - No mapping found for HTTP request with URI [/simple/simple/phantom] in DispatcherServlet with name 'dispatcherServlet'
2017-11-14 15:41:48.788 WARN  --- [main] org.mybatis.spring.mapper.ClassPathMapperScanner Line:166 - No MyBatis mapper was found in '[voidcl.SpringBoot.config.dao.BData]' package. Please check your configuration.
2017-11-14 15:42:03.213 WARN  --- [http-nio-8080-exec-1] org.springframework.web.servlet.PageNotFound Line:1176 - No mapping found for HTTP request with URI [/simple/simple/phantom] in DispatcherServlet with name 'dispatcherServlet'
2017-11-14 15:48:25.829 WARN  --- [main] org.mybatis.spring.mapper.ClassPathMapperScanner Line:166 - No MyBatis mapper was found in '[voidcl.SpringBoot.config.dao.BData]' package. Please check your configuration.
2017-11-14 15:48:37.524 WARN  --- [http-nio-8080-exec-1] org.springframework.web.servlet.PageNotFound Line:1176 - No mapping found for HTTP request with URI [/simple/simple/phantom] in DispatcherServlet with name 'dispatcherServlet'
2017-11-14 15:50:26.667 WARN  --- [main] org.mybatis.spring.mapper.ClassPathMapperScanner Line:166 - No MyBatis mapper was found in '[voidcl.SpringBoot.config.dao.BData]' package. Please check your configuration.
2017-11-14 15:50:37.039 WARN  --- [http-nio-8080-exec-1] org.springframework.web.servlet.PageNotFound Line:1176 - No mapping found for HTTP request with URI [/simple/simple/phantom] in DispatcherServlet with name 'dispatcherServlet'
2017-11-14 15:52:49.239 WARN  --- [main] org.mybatis.spring.mapper.ClassPathMapperScanner Line:166 - No MyBatis mapper was found in '[voidcl.SpringBoot.config.dao.BData]' package. Please check your configuration.
2017-11-14 15:52:57.834 WARN  --- [http-nio-8080-exec-1] org.springframework.web.servlet.PageNotFound Line:1176 - No mapping found for HTTP request with URI [/simple/simple/phantom] in DispatcherServlet with name 'dispatcherServlet'
2017-11-14 15:53:38.071 WARN  --- [main] org.mybatis.spring.mapper.ClassPathMapperScanner Line:166 - No MyBatis mapper was found in '[voidcl.SpringBoot.config.dao.BData]' package. Please check your configuration.
2017-11-14 15:54:05.797 WARN  --- [http-nio-8080-exec-1] org.springframework.web.servlet.PageNotFound Line:215 - Request method 'POST' not supported
2017-11-14 15:54:14.772 WARN  --- [http-nio-8080-exec-2] org.springframework.web.servlet.PageNotFound Line:215 - Request method 'POST' not supported
2017-11-14 15:54:21.045 WARN  --- [http-nio-8080-exec-3] org.springframework.web.servlet.PageNotFound Line:1176 - No mapping found for HTTP request with URI [/simple/simple/dirtyRead] in DispatcherServlet with name 'dispatcherServlet'
2017-11-14 15:55:02.212 WARN  --- [http-nio-8080-exec-7] org.springframework.web.servlet.PageNotFound Line:215 - Request method 'GET' not supported
2017-11-14 15:55:10.903 WARN  --- [http-nio-8080-exec-9] org.springframework.web.servlet.PageNotFound Line:1176 - No mapping found for HTTP request with URI [/simple/simple/phantom] in DispatcherServlet with name 'dispatcherServlet'
2017-11-14 16:03:30.778 WARN  --- [main] org.mybatis.spring.mapper.ClassPathMapperScanner Line:166 - No MyBatis mapper was found in '[voidcl.SpringBoot.config.dao.BData]' package. Please check your configuration.
2017-11-14 16:04:10.785 WARN  --- [http-nio-8080-exec-1] org.springframework.web.servlet.PageNotFound Line:1176 - No mapping found for HTTP request with URI [/simple/simple/phantom] in DispatcherServlet with name 'dispatcherServlet'
2017-11-14 16:07:14.117 WARN  --- [main] org.mybatis.spring.mapper.ClassPathMapperScanner Line:166 - No MyBatis mapper was found in '[voidcl.SpringBoot.config.dao.BData]' package. Please check your configuration.
2017-11-14 16:07:37.745 WARN  --- [http-nio-8080-exec-1] org.springframework.web.servlet.PageNotFound Line:1176 - No mapping found for HTTP request with URI [/simple/simple/phantom] in DispatcherServlet with name 'dispatcherServlet'
2017-11-14 16:11:36.513 WARN  --- [main] org.mybatis.spring.mapper.ClassPathMapperScanner Line:166 - No MyBatis mapper was found in '[voidcl.SpringBoot.config.dao.BData]' package. Please check your configuration.
2017-11-14 16:11:44.122 WARN  --- [http-nio-8080-exec-1] org.springframework.web.servlet.PageNotFound Line:1176 - No mapping found for HTTP request with URI [/simple/simple/phantom] in DispatcherServlet with name 'dispatcherServlet'
2017-11-14 16:15:21.895 WARN  --- [main] org.mybatis.spring.mapper.ClassPathMapperScanner Line:166 - No MyBatis mapper was found in '[voidcl.SpringBoot.config.dao.BData]' package. Please check your configuration.
2017-11-14 16:15:27.429 WARN  --- [http-nio-8080-exec-1] org.springframework.web.servlet.PageNotFound Line:1176 - No mapping found for HTTP request with URI [/simple/simple/phantom] in DispatcherServlet with name 'dispatcherServlet'
2017-11-14 16:20:38.562 WARN  --- [main] org.mybatis.spring.mapper.ClassPathMapperScanner Line:166 - No MyBatis mapper was found in '[voidcl.SpringBoot.config.dao.BData]' package. Please check your configuration.
2017-11-14 16:21:01.793 WARN  --- [http-nio-8080-exec-1] org.springframework.web.servlet.PageNotFound Line:1176 - No mapping found for HTTP request with URI [/simple/simple/phantom] in DispatcherServlet with name 'dispatcherServlet'
2017-11-14 16:38:54.773 WARN  --- [main] org.mybatis.spring.mapper.ClassPathMapperScanner Line:166 - No MyBatis mapper was found in '[voidcl.SpringBoot.config.dao.BData]' package. Please check your configuration.
2017-11-14 16:38:59.649 WARN  --- [http-nio-8080-exec-1] org.springframework.web.servlet.PageNotFound Line:1176 - No mapping found for HTTP request with URI [/simple/simple/phantom] in DispatcherServlet with name 'dispatcherServlet'
2017-11-14 16:39:39.254 WARN  --- [main] org.mybatis.spring.mapper.ClassPathMapperScanner Line:166 - No MyBatis mapper was found in '[voidcl.SpringBoot.config.dao.BData]' package. Please check your configuration.
2017-11-14 16:40:47.862 WARN  --- [http-nio-8080-exec-1] org.springframework.web.servlet.PageNotFound Line:1176 - No mapping found for HTTP request with URI [/simple/simple/phantom] in DispatcherServlet with name 'dispatcherServlet'
2017-11-14 16:52:03.081 WARN  --- [main] org.mybatis.spring.mapper.ClassPathMapperScanner Line:166 - No MyBatis mapper was found in '[voidcl.SpringBoot.config.dao.BData]' package. Please check your configuration.
2017-11-14 16:52:23.464 WARN  --- [http-nio-8080-exec-1] org.springframework.web.servlet.PageNotFound Line:1176 - No mapping found for HTTP request with URI [/simple/simple/phantom] in DispatcherServlet with name 'dispatcherServlet'
2017-11-14 16:53:53.232 WARN  --- [main] org.mybatis.spring.mapper.ClassPathMapperScanner Line:166 - No MyBatis mapper was found in '[voidcl.SpringBoot.config.dao.BData]' package. Please check your configuration.
2017-11-14 16:54:03.036 WARN  --- [http-nio-8080-exec-1] org.springframework.web.servlet.PageNotFound Line:1176 - No mapping found for HTTP request with URI [/simple/simple/phantom] in DispatcherServlet with name 'dispatcherServlet'
2017-11-14 17:02:14.551 WARN  --- [main] org.mybatis.spring.mapper.ClassPathMapperScanner Line:166 - No MyBatis mapper was found in '[voidcl.SpringBoot.config.dao.BData]' package. Please check your configuration.
2017-11-14 17:02:25.507 WARN  --- [http-nio-8080-exec-1] org.springframework.web.servlet.PageNotFound Line:1176 - No mapping found for HTTP request with URI [/simple/simple/phantom] in DispatcherServlet with name 'dispatcherServlet'
