2017-11-16 16:54:58.699 INFO  --- [main] voidcl.SpringBoot.SimpleApplication Line:48  - Starting SimpleApplication on voidcl.local with PID 2668 (/Users/voidcl/IdeaProjects/simple/target/classes started by voidcl in /Users/voidcl/IdeaProjects/simple)
2017-11-16 16:54:58.701 INFO  --- [main] voidcl.SpringBoot.SimpleApplication Line:593 - No active profile set, falling back to default profiles: default
2017-11-16 16:54:58.785 INFO  --- [main] org.springframework.boot.context.embedded.AnnotationConfigEmbeddedWebApplicationContext Line:583 - Refreshing org.springframework.boot.context.embedded.AnnotationConfigEmbeddedWebApplicationContext@5bfa9431: startup date [Thu Nov 16 16:54:58 CST 2017]; root of context hierarchy
2017-11-16 16:54:59.314 INFO  --- [main] org.springframework.beans.factory.support.DefaultListableBeanFactory Line:828 - Overriding bean definition for bean 'sqlSessionTemplate1' with a different definition: replacing [Root bean: class [null]; scope=; abstract=false; lazyInit=false; autowireMode=3; dependencyCheck=0; autowireCandidate=true; primary=false; factoryBeanName=mybatisPrimaryConfigurer; factoryMethodName=sqlSessionTemplate1; initMethodName=null; destroyMethodName=(inferred); defined in class path resource [voidcl/simple/config/MybatisPrimaryConfigurer.class]] with [Root bean: class [null]; scope=; abstract=false; lazyInit=false; autowireMode=3; dependencyCheck=0; autowireCandidate=true; primary=false; factoryBeanName=mybatisSecondaryConfigurer; factoryMethodName=sqlSessionTemplate1; initMethodName=null; destroyMethodName=(inferred); defined in class path resource [voidcl/simple/config/MybatisSecondaryConfigurer.class]]
2017-11-16 16:54:59.918 INFO  --- [main] org.springframework.context.support.PostProcessorRegistrationDelegate$BeanPostProcessorChecker Line:327 - Bean 'org.springframework.ws.config.annotation.DelegatingWsConfiguration' of type [org.springframework.ws.config.annotation.DelegatingWsConfiguration$$EnhancerBySpringCGLIB$$d45a4ed1] is not eligible for getting processed by all BeanPostProcessors (for example: not eligible for auto-proxying)
2017-11-16 16:54:59.965 INFO  --- [main] org.springframework.ws.soap.addressing.server.AnnotationActionEndpointMapping Line:236 - Supporting [WS-Addressing August 2004, WS-Addressing 1.0]
2017-11-16 16:55:00.157 INFO  --- [main] org.hibernate.validator.internal.util.Version Line:30  - HV000001: Hibernate Validator 5.3.5.Final
2017-11-16 16:55:00.468 INFO  --- [main] org.springframework.boot.context.embedded.tomcat.TomcatEmbeddedServletContainer Line:89  - Tomcat initialized with port(s): 8080 (http)
2017-11-16 16:55:02.807 INFO  --- [main] org.apache.catalina.core.StandardService Line:179 - Starting service [Tomcat]
2017-11-16 16:55:02.808 INFO  --- [main] org.apache.catalina.core.StandardEngine Line:179 - Starting Servlet Engine: Apache Tomcat/8.5.23
2017-11-16 16:55:02.958 INFO  --- [localhost-startStop-1] org.apache.catalina.core.ContainerBase.[Tomcat].[localhost].[/] Line:179 - Initializing Spring embedded WebApplicationContext
2017-11-16 16:55:02.958 INFO  --- [localhost-startStop-1] org.springframework.web.context.ContextLoader Line:276 - Root WebApplicationContext: initialization completed in 4174 ms
2017-11-16 16:55:03.193 INFO  --- [localhost-startStop-1] org.springframework.boot.web.servlet.ServletRegistrationBean Line:190 - Mapping servlet: 'dispatcherServlet' to [/]
2017-11-16 16:55:03.196 INFO  --- [localhost-startStop-1] org.springframework.boot.web.servlet.ServletRegistrationBean Line:190 - Mapping servlet: 'messageDispatcherServlet' to [/services/*]
2017-11-16 16:55:03.201 INFO  --- [localhost-startStop-1] org.springframework.boot.web.servlet.FilterRegistrationBean Line:258 - Mapping filter: 'characterEncodingFilter' to: [/*]
2017-11-16 16:55:03.202 INFO  --- [localhost-startStop-1] org.springframework.boot.web.servlet.FilterRegistrationBean Line:258 - Mapping filter: 'hiddenHttpMethodFilter' to: [/*]
2017-11-16 16:55:03.202 INFO  --- [localhost-startStop-1] org.springframework.boot.web.servlet.FilterRegistrationBean Line:258 - Mapping filter: 'httpPutFormContentFilter' to: [/*]
2017-11-16 16:55:03.202 INFO  --- [localhost-startStop-1] org.springframework.boot.web.servlet.FilterRegistrationBean Line:258 - Mapping filter: 'requestContextFilter' to: [/*]
2017-11-16 16:55:03.852 INFO  --- [main] org.springframework.web.servlet.mvc.method.annotation.RequestMappingHandlerAdapter Line:534 - Looking for @ControllerAdvice: org.springframework.boot.context.embedded.AnnotationConfigEmbeddedWebApplicationContext@5bfa9431: startup date [Thu Nov 16 16:54:58 CST 2017]; root of context hierarchy
2017-11-16 16:55:03.899 INFO  --- [main] org.springframework.web.servlet.mvc.method.annotation.RequestMappingHandlerMapping Line:543 - Mapped "{[/simple/dirtyRead],methods=[GET]}" onto public void voidcl.SpringBoot.controller.SimpleController.dirtyRead()
2017-11-16 16:55:03.900 INFO  --- [main] org.springframework.web.servlet.mvc.method.annotation.RequestMappingHandlerMapping Line:543 - Mapped "{[/simple/repeat],methods=[POST]}" onto public void voidcl.SpringBoot.controller.SimpleController.repeatRead()
2017-11-16 16:55:03.900 INFO  --- [main] org.springframework.web.servlet.mvc.method.annotation.RequestMappingHandlerMapping Line:543 - Mapped "{[/simple/phantom],methods=[POST]}" onto public void voidcl.SpringBoot.controller.SimpleController.phantomRead()
2017-11-16 16:55:03.904 INFO  --- [main] org.springframework.web.servlet.mvc.method.annotation.RequestMappingHandlerMapping Line:543 - Mapped "{[/error]}" onto public org.springframework.http.ResponseEntity<java.util.Map<java.lang.String, java.lang.Object>> org.springframework.boot.autoconfigure.web.BasicErrorController.error(javax.servlet.http.HttpServletRequest)
2017-11-16 16:55:03.904 INFO  --- [main] org.springframework.web.servlet.mvc.method.annotation.RequestMappingHandlerMapping Line:543 - Mapped "{[/error],produces=[text/html]}" onto public org.springframework.web.servlet.ModelAndView org.springframework.boot.autoconfigure.web.BasicErrorController.errorHtml(javax.servlet.http.HttpServletRequest,javax.servlet.http.HttpServletResponse)
2017-11-16 16:55:03.970 INFO  --- [main] org.springframework.web.servlet.handler.SimpleUrlHandlerMapping Line:362 - Mapped URL path [/**/favicon.ico] onto handler of type [class org.springframework.web.servlet.resource.ResourceHttpRequestHandler]
2017-11-16 16:55:04.176 INFO  --- [main] org.springframework.jmx.export.annotation.AnnotationMBeanExporter Line:431 - Registering beans for JMX exposure on startup
2017-11-16 16:55:04.199 INFO  --- [main] org.apache.coyote.http11.Http11NioProtocol Line:179 - Initializing ProtocolHandler ["http-nio-8080"]
2017-11-16 16:55:04.227 INFO  --- [main] org.apache.coyote.http11.Http11NioProtocol Line:179 - Starting ProtocolHandler ["http-nio-8080"]
2017-11-16 16:55:04.246 INFO  --- [main] org.apache.tomcat.util.net.NioSelectorPool Line:179 - Using a shared selector for servlet write/read
2017-11-16 16:55:04.260 INFO  --- [main] org.springframework.boot.context.embedded.tomcat.TomcatEmbeddedServletContainer Line:201 - Tomcat started on port(s): 8080 (http)
2017-11-16 16:55:04.265 INFO  --- [main] voidcl.SpringBoot.SimpleApplication Line:57  - Started SimpleApplication in 5.998 seconds (JVM running for 6.718)
2017-11-16 16:56:02.408 INFO  --- [Thread-15] org.springframework.boot.context.embedded.AnnotationConfigEmbeddedWebApplicationContext Line:984 - Closing org.springframework.boot.context.embedded.AnnotationConfigEmbeddedWebApplicationContext@5bfa9431: startup date [Thu Nov 16 16:54:58 CST 2017]; root of context hierarchy
2017-11-16 16:56:02.411 INFO  --- [Thread-15] org.springframework.jmx.export.annotation.AnnotationMBeanExporter Line:449 - Unregistering JMX-exposed beans on shutdown
2017-11-16 16:56:06.013 INFO  --- [main] voidcl.SpringBoot.SimpleApplication Line:48  - Starting SimpleApplication on voidcl.local with PID 2918 (/Users/voidcl/IdeaProjects/simple/target/classes started by voidcl in /Users/voidcl/IdeaProjects/simple)
2017-11-16 16:56:06.014 INFO  --- [main] voidcl.SpringBoot.SimpleApplication Line:593 - No active profile set, falling back to default profiles: default
2017-11-16 16:56:06.057 INFO  --- [main] org.springframework.boot.context.embedded.AnnotationConfigEmbeddedWebApplicationContext Line:583 - Refreshing org.springframework.boot.context.embedded.AnnotationConfigEmbeddedWebApplicationContext@5bfa9431: startup date [Thu Nov 16 16:56:06 CST 2017]; root of context hierarchy
2017-11-16 16:56:06.480 INFO  --- [main] org.springframework.beans.factory.support.DefaultListableBeanFactory Line:828 - Overriding bean definition for bean 'sqlSessionTemplate1' with a different definition: replacing [Root bean: class [null]; scope=; abstract=false; lazyInit=false; autowireMode=3; dependencyCheck=0; autowireCandidate=true; primary=false; factoryBeanName=mybatisPrimaryConfigurer; factoryMethodName=sqlSessionTemplate1; initMethodName=null; destroyMethodName=(inferred); defined in class path resource [voidcl/simple/config/MybatisPrimaryConfigurer.class]] with [Root bean: class [null]; scope=; abstract=false; lazyInit=false; autowireMode=3; dependencyCheck=0; autowireCandidate=true; primary=false; factoryBeanName=mybatisSecondaryConfigurer; factoryMethodName=sqlSessionTemplate1; initMethodName=null; destroyMethodName=(inferred); defined in class path resource [voidcl/simple/config/MybatisSecondaryConfigurer.class]]
2017-11-16 16:56:06.940 INFO  --- [main] org.springframework.context.support.PostProcessorRegistrationDelegate$BeanPostProcessorChecker Line:327 - Bean 'org.springframework.ws.config.annotation.DelegatingWsConfiguration' of type [org.springframework.ws.config.annotation.DelegatingWsConfiguration$$EnhancerBySpringCGLIB$$91efbdae] is not eligible for getting processed by all BeanPostProcessors (for example: not eligible for auto-proxying)
2017-11-16 16:56:06.969 INFO  --- [main] org.springframework.ws.soap.addressing.server.AnnotationActionEndpointMapping Line:236 - Supporting [WS-Addressing August 2004, WS-Addressing 1.0]
2017-11-16 16:56:07.094 INFO  --- [main] org.hibernate.validator.internal.util.Version Line:30  - HV000001: Hibernate Validator 5.3.5.Final
2017-11-16 16:56:07.345 INFO  --- [main] org.springframework.boot.context.embedded.tomcat.TomcatEmbeddedServletContainer Line:89  - Tomcat initialized with port(s): 8080 (http)
2017-11-16 16:56:09.805 INFO  --- [main] org.apache.catalina.core.StandardService Line:179 - Starting service [Tomcat]
2017-11-16 16:56:09.806 INFO  --- [main] org.apache.catalina.core.StandardEngine Line:179 - Starting Servlet Engine: Apache Tomcat/8.5.23
2017-11-16 16:56:09.941 INFO  --- [localhost-startStop-1] org.apache.catalina.core.ContainerBase.[Tomcat].[localhost].[/] Line:179 - Initializing Spring embedded WebApplicationContext
2017-11-16 16:56:09.941 INFO  --- [localhost-startStop-1] org.springframework.web.context.ContextLoader Line:276 - Root WebApplicationContext: initialization completed in 3884 ms
2017-11-16 16:56:10.123 INFO  --- [localhost-startStop-1] org.springframework.boot.web.servlet.ServletRegistrationBean Line:190 - Mapping servlet: 'dispatcherServlet' to [/]
2017-11-16 16:56:10.128 INFO  --- [localhost-startStop-1] org.springframework.boot.web.servlet.ServletRegistrationBean Line:190 - Mapping servlet: 'messageDispatcherServlet' to [/services/*]
2017-11-16 16:56:10.134 INFO  --- [localhost-startStop-1] org.springframework.boot.web.servlet.FilterRegistrationBean Line:258 - Mapping filter: 'characterEncodingFilter' to: [/*]
2017-11-16 16:56:10.135 INFO  --- [localhost-startStop-1] org.springframework.boot.web.servlet.FilterRegistrationBean Line:258 - Mapping filter: 'hiddenHttpMethodFilter' to: [/*]
2017-11-16 16:56:10.135 INFO  --- [localhost-startStop-1] org.springframework.boot.web.servlet.FilterRegistrationBean Line:258 - Mapping filter: 'httpPutFormContentFilter' to: [/*]
2017-11-16 16:56:10.135 INFO  --- [localhost-startStop-1] org.springframework.boot.web.servlet.FilterRegistrationBean Line:258 - Mapping filter: 'requestContextFilter' to: [/*]
2017-11-16 16:56:10.694 INFO  --- [main] org.springframework.web.servlet.mvc.method.annotation.RequestMappingHandlerAdapter Line:534 - Looking for @ControllerAdvice: org.springframework.boot.context.embedded.AnnotationConfigEmbeddedWebApplicationContext@5bfa9431: startup date [Thu Nov 16 16:56:06 CST 2017]; root of context hierarchy
2017-11-16 16:56:10.736 INFO  --- [main] org.springframework.web.servlet.mvc.method.annotation.RequestMappingHandlerMapping Line:543 - Mapped "{[/simple/dirtyRead],methods=[GET]}" onto public void voidcl.SpringBoot.controller.SimpleController.dirtyRead()
2017-11-16 16:56:10.736 INFO  --- [main] org.springframework.web.servlet.mvc.method.annotation.RequestMappingHandlerMapping Line:543 - Mapped "{[/simple/repeat],methods=[POST]}" onto public void voidcl.SpringBoot.controller.SimpleController.repeatRead()
2017-11-16 16:56:10.737 INFO  --- [main] org.springframework.web.servlet.mvc.method.annotation.RequestMappingHandlerMapping Line:543 - Mapped "{[/simple/phantom],methods=[POST]}" onto public void voidcl.SpringBoot.controller.SimpleController.phantomRead()
2017-11-16 16:56:10.742 INFO  --- [main] org.springframework.web.servlet.mvc.method.annotation.RequestMappingHandlerMapping Line:543 - Mapped "{[/error]}" onto public org.springframework.http.ResponseEntity<java.util.Map<java.lang.String, java.lang.Object>> org.springframework.boot.autoconfigure.web.BasicErrorController.error(javax.servlet.http.HttpServletRequest)
2017-11-16 16:56:10.742 INFO  --- [main] org.springframework.web.servlet.mvc.method.annotation.RequestMappingHandlerMapping Line:543 - Mapped "{[/error],produces=[text/html]}" onto public org.springframework.web.servlet.ModelAndView org.springframework.boot.autoconfigure.web.BasicErrorController.errorHtml(javax.servlet.http.HttpServletRequest,javax.servlet.http.HttpServletResponse)
2017-11-16 16:56:10.812 INFO  --- [main] org.springframework.web.servlet.handler.SimpleUrlHandlerMapping Line:362 - Mapped URL path [/**/favicon.ico] onto handler of type [class org.springframework.web.servlet.resource.ResourceHttpRequestHandler]
2017-11-16 16:56:11.023 INFO  --- [main] org.springframework.jmx.export.annotation.AnnotationMBeanExporter Line:431 - Registering beans for JMX exposure on startup
2017-11-16 16:56:11.043 INFO  --- [main] org.apache.coyote.http11.Http11NioProtocol Line:179 - Initializing ProtocolHandler ["http-nio-8080"]
2017-11-16 16:56:11.077 INFO  --- [main] org.apache.coyote.http11.Http11NioProtocol Line:179 - Starting ProtocolHandler ["http-nio-8080"]
2017-11-16 16:56:11.095 INFO  --- [main] org.apache.tomcat.util.net.NioSelectorPool Line:179 - Using a shared selector for servlet write/read
2017-11-16 16:56:11.105 INFO  --- [main] org.springframework.boot.context.embedded.tomcat.TomcatEmbeddedServletContainer Line:201 - Tomcat started on port(s): 8080 (http)
2017-11-16 16:56:11.109 INFO  --- [main] voidcl.SpringBoot.SimpleApplication Line:57  - Started SimpleApplication in 5.32 seconds (JVM running for 5.897)
2017-11-16 16:57:23.844 INFO  --- [http-nio-8080-exec-1] org.apache.catalina.core.ContainerBase.[Tomcat].[localhost].[/] Line:179 - Initializing Spring FrameworkServlet 'dispatcherServlet'
2017-11-16 16:57:23.845 INFO  --- [http-nio-8080-exec-1] org.springframework.web.servlet.DispatcherServlet Line:489 - FrameworkServlet 'dispatcherServlet': initialization started
2017-11-16 16:57:23.875 INFO  --- [http-nio-8080-exec-1] org.springframework.web.servlet.DispatcherServlet Line:508 - FrameworkServlet 'dispatcherServlet': initialization completed in 30 ms
2017-11-16 16:58:11.261 INFO  --- [Thread-14] org.springframework.boot.context.embedded.AnnotationConfigEmbeddedWebApplicationContext Line:984 - Closing org.springframework.boot.context.embedded.AnnotationConfigEmbeddedWebApplicationContext@5bfa9431: startup date [Thu Nov 16 16:56:06 CST 2017]; root of context hierarchy
2017-11-16 16:58:11.265 INFO  --- [Thread-14] org.springframework.jmx.export.annotation.AnnotationMBeanExporter Line:449 - Unregistering JMX-exposed beans on shutdown
2017-11-16 16:58:30.505 INFO  --- [main] voidcl.SpringBoot.SimpleApplication Line:48  - Starting SimpleApplication on voidcl.local with PID 2961 (/Users/voidcl/IdeaProjects/simple/target/classes started by voidcl in /Users/voidcl/IdeaProjects/simple)
2017-11-16 16:58:30.506 INFO  --- [main] voidcl.SpringBoot.SimpleApplication Line:593 - No active profile set, falling back to default profiles: default
2017-11-16 16:58:30.555 INFO  --- [main] org.springframework.boot.context.embedded.AnnotationConfigEmbeddedWebApplicationContext Line:583 - Refreshing org.springframework.boot.context.embedded.AnnotationConfigEmbeddedWebApplicationContext@5bfa9431: startup date [Thu Nov 16 16:58:30 CST 2017]; root of context hierarchy
2017-11-16 16:58:30.648 INFO  --- [background-preinit] org.hibernate.validator.internal.util.Version Line:30  - HV000001: Hibernate Validator 5.3.5.Final
2017-11-16 16:58:31.007 INFO  --- [main] org.springframework.beans.factory.support.DefaultListableBeanFactory Line:828 - Overriding bean definition for bean 'sqlSessionTemplate1' with a different definition: replacing [Root bean: class [null]; scope=; abstract=false; lazyInit=false; autowireMode=3; dependencyCheck=0; autowireCandidate=true; primary=false; factoryBeanName=mybatisPrimaryConfigurer; factoryMethodName=sqlSessionTemplate1; initMethodName=null; destroyMethodName=(inferred); defined in class path resource [voidcl/simple/config/MybatisPrimaryConfigurer.class]] with [Root bean: class [null]; scope=; abstract=false; lazyInit=false; autowireMode=3; dependencyCheck=0; autowireCandidate=true; primary=false; factoryBeanName=mybatisSecondaryConfigurer; factoryMethodName=sqlSessionTemplate1; initMethodName=null; destroyMethodName=(inferred); defined in class path resource [voidcl/simple/config/MybatisSecondaryConfigurer.class]]
2017-11-16 16:58:31.505 INFO  --- [main] org.springframework.context.support.PostProcessorRegistrationDelegate$BeanPostProcessorChecker Line:327 - Bean 'org.springframework.ws.config.annotation.DelegatingWsConfiguration' of type [org.springframework.ws.config.annotation.DelegatingWsConfiguration$$EnhancerBySpringCGLIB$$e346ca59] is not eligible for getting processed by all BeanPostProcessors (for example: not eligible for auto-proxying)
2017-11-16 16:58:31.538 INFO  --- [main] org.springframework.ws.soap.addressing.server.AnnotationActionEndpointMapping Line:236 - Supporting [WS-Addressing August 2004, WS-Addressing 1.0]
2017-11-16 16:58:31.876 INFO  --- [main] org.springframework.boot.context.embedded.tomcat.TomcatEmbeddedServletContainer Line:89  - Tomcat initialized with port(s): 8080 (http)
2017-11-16 16:58:31.885 INFO  --- [main] org.apache.catalina.core.StandardService Line:179 - Starting service [Tomcat]
2017-11-16 16:58:31.885 INFO  --- [main] org.apache.catalina.core.StandardEngine Line:179 - Starting Servlet Engine: Apache Tomcat/8.5.23
2017-11-16 16:58:31.955 INFO  --- [localhost-startStop-1] org.apache.catalina.core.ContainerBase.[Tomcat].[localhost].[/] Line:179 - Initializing Spring embedded WebApplicationContext
2017-11-16 16:58:31.956 INFO  --- [localhost-startStop-1] org.springframework.web.context.ContextLoader Line:276 - Root WebApplicationContext: initialization completed in 1401 ms
2017-11-16 16:58:32.086 INFO  --- [localhost-startStop-1] org.springframework.boot.web.servlet.ServletRegistrationBean Line:190 - Mapping servlet: 'dispatcherServlet' to [/]
2017-11-16 16:58:32.087 INFO  --- [localhost-startStop-1] org.springframework.boot.web.servlet.ServletRegistrationBean Line:190 - Mapping servlet: 'messageDispatcherServlet' to [/services/*]
2017-11-16 16:58:32.090 INFO  --- [localhost-startStop-1] org.springframework.boot.web.servlet.FilterRegistrationBean Line:258 - Mapping filter: 'characterEncodingFilter' to: [/*]
2017-11-16 16:58:32.090 INFO  --- [localhost-startStop-1] org.springframework.boot.web.servlet.FilterRegistrationBean Line:258 - Mapping filter: 'hiddenHttpMethodFilter' to: [/*]
2017-11-16 16:58:32.090 INFO  --- [localhost-startStop-1] org.springframework.boot.web.servlet.FilterRegistrationBean Line:258 - Mapping filter: 'httpPutFormContentFilter' to: [/*]
2017-11-16 16:58:32.090 INFO  --- [localhost-startStop-1] org.springframework.boot.web.servlet.FilterRegistrationBean Line:258 - Mapping filter: 'requestContextFilter' to: [/*]
2017-11-16 16:58:32.720 INFO  --- [main] org.springframework.web.servlet.mvc.method.annotation.RequestMappingHandlerAdapter Line:534 - Looking for @ControllerAdvice: org.springframework.boot.context.embedded.AnnotationConfigEmbeddedWebApplicationContext@5bfa9431: startup date [Thu Nov 16 16:58:30 CST 2017]; root of context hierarchy
2017-11-16 16:58:32.761 INFO  --- [main] org.springframework.web.servlet.mvc.method.annotation.RequestMappingHandlerMapping Line:543 - Mapped "{[/simple/dirtyRead],methods=[GET]}" onto public void voidcl.SpringBoot.controller.SimpleController.dirtyRead()
2017-11-16 16:58:32.762 INFO  --- [main] org.springframework.web.servlet.mvc.method.annotation.RequestMappingHandlerMapping Line:543 - Mapped "{[/simple/repeat],methods=[POST]}" onto public void voidcl.SpringBoot.controller.SimpleController.repeatRead()
2017-11-16 16:58:32.763 INFO  --- [main] org.springframework.web.servlet.mvc.method.annotation.RequestMappingHandlerMapping Line:543 - Mapped "{[/simple/phantom],methods=[POST]}" onto public void voidcl.SpringBoot.controller.SimpleController.phantomRead()
2017-11-16 16:58:32.768 INFO  --- [main] org.springframework.web.servlet.mvc.method.annotation.RequestMappingHandlerMapping Line:543 - Mapped "{[/error]}" onto public org.springframework.http.ResponseEntity<java.util.Map<java.lang.String, java.lang.Object>> org.springframework.boot.autoconfigure.web.BasicErrorController.error(javax.servlet.http.HttpServletRequest)
2017-11-16 16:58:32.768 INFO  --- [main] org.springframework.web.servlet.mvc.method.annotation.RequestMappingHandlerMapping Line:543 - Mapped "{[/error],produces=[text/html]}" onto public org.springframework.web.servlet.ModelAndView org.springframework.boot.autoconfigure.web.BasicErrorController.errorHtml(javax.servlet.http.HttpServletRequest,javax.servlet.http.HttpServletResponse)
2017-11-16 16:58:32.845 INFO  --- [main] org.springframework.web.servlet.handler.SimpleUrlHandlerMapping Line:362 - Mapped URL path [/**/favicon.ico] onto handler of type [class org.springframework.web.servlet.resource.ResourceHttpRequestHandler]
2017-11-16 16:58:33.071 INFO  --- [main] org.springframework.jmx.export.annotation.AnnotationMBeanExporter Line:431 - Registering beans for JMX exposure on startup
2017-11-16 16:58:33.097 INFO  --- [main] org.apache.coyote.http11.Http11NioProtocol Line:179 - Initializing ProtocolHandler ["http-nio-8080"]
2017-11-16 16:58:33.104 INFO  --- [main] org.apache.coyote.http11.Http11NioProtocol Line:179 - Starting ProtocolHandler ["http-nio-8080"]
2017-11-16 16:58:33.123 INFO  --- [main] org.apache.tomcat.util.net.NioSelectorPool Line:179 - Using a shared selector for servlet write/read
2017-11-16 16:58:33.134 INFO  --- [main] org.springframework.boot.context.embedded.tomcat.TomcatEmbeddedServletContainer Line:201 - Tomcat started on port(s): 8080 (http)
2017-11-16 16:58:33.139 INFO  --- [main] voidcl.SpringBoot.SimpleApplication Line:57  - Started SimpleApplication in 2.863 seconds (JVM running for 3.423)
2017-11-16 16:59:03.550 INFO  --- [http-nio-8080-exec-1] org.apache.catalina.core.ContainerBase.[Tomcat].[localhost].[/] Line:179 - Initializing Spring FrameworkServlet 'dispatcherServlet'
2017-11-16 16:59:03.551 INFO  --- [http-nio-8080-exec-1] org.springframework.web.servlet.DispatcherServlet Line:489 - FrameworkServlet 'dispatcherServlet': initialization started
2017-11-16 16:59:03.567 INFO  --- [http-nio-8080-exec-1] org.springframework.web.servlet.DispatcherServlet Line:508 - FrameworkServlet 'dispatcherServlet': initialization completed in 16 ms
2017-11-16 16:59:20.522 INFO  --- [Thread-14] org.springframework.beans.factory.xml.XmlBeanDefinitionReader Line:317 - Loading XML bean definitions from class path resource [org/springframework/jdbc/support/sql-error-codes.xml]
2017-11-16 16:59:20.554 INFO  --- [Thread-14] org.springframework.jdbc.support.SQLErrorCodesFactory Line:127 - SQLErrorCodes loaded: [DB2, Derby, H2, HSQL, Informix, MS-SQL, MySQL, Oracle, PostgreSQL, Sybase, Hana]
2017-11-16 17:02:26.150 INFO  --- [Thread-9] org.springframework.boot.context.embedded.AnnotationConfigEmbeddedWebApplicationContext Line:984 - Closing org.springframework.boot.context.embedded.AnnotationConfigEmbeddedWebApplicationContext@5bfa9431: startup date [Thu Nov 16 16:58:30 CST 2017]; root of context hierarchy
2017-11-16 17:02:26.153 INFO  --- [Thread-9] org.springframework.jmx.export.annotation.AnnotationMBeanExporter Line:449 - Unregistering JMX-exposed beans on shutdown
2017-11-21 08:45:04.874 INFO  --- [main] voidcl.SpringBoot.SimpleApplication Line:48  - Starting SimpleApplication on voidcl.local with PID 9744 (/Users/voidcl/IdeaProjects/SpringBoot-TranscationAndLog/target/classes started by voidcl in /Users/voidcl/IdeaProjects/SpringBoot-TranscationAndLog)
2017-11-21 08:45:04.875 INFO  --- [main] voidcl.SpringBoot.SimpleApplication Line:593 - No active profile set, falling back to default profiles: default
2017-11-21 08:45:04.928 INFO  --- [main] org.springframework.boot.context.embedded.AnnotationConfigEmbeddedWebApplicationContext Line:583 - Refreshing org.springframework.boot.context.embedded.AnnotationConfigEmbeddedWebApplicationContext@23529fee: startup date [Tue Nov 21 08:45:04 CST 2017]; root of context hierarchy
2017-11-21 08:45:05.010 INFO  --- [background-preinit] org.hibernate.validator.internal.util.Version Line:30  - HV000001: Hibernate Validator 5.3.5.Final
2017-11-21 08:45:05.499 INFO  --- [main] org.springframework.beans.factory.support.DefaultListableBeanFactory Line:828 - Overriding bean definition for bean 'sqlSessionTemplate1' with a different definition: replacing [Root bean: class [null]; scope=; abstract=false; lazyInit=false; autowireMode=3; dependencyCheck=0; autowireCandidate=true; primary=false; factoryBeanName=mybatisPrimaryConfigurer; factoryMethodName=sqlSessionTemplate1; initMethodName=null; destroyMethodName=(inferred); defined in class path resource [voidcl/SpringBoot/config/MybatisPrimaryConfigurer.class]] with [Root bean: class [null]; scope=; abstract=false; lazyInit=false; autowireMode=3; dependencyCheck=0; autowireCandidate=true; primary=false; factoryBeanName=mybatisSecondaryConfigurer; factoryMethodName=sqlSessionTemplate1; initMethodName=null; destroyMethodName=(inferred); defined in class path resource [voidcl/SpringBoot/config/MybatisSecondaryConfigurer.class]]
2017-11-21 08:45:06.167 INFO  --- [main] org.springframework.context.support.PostProcessorRegistrationDelegate$BeanPostProcessorChecker Line:327 - Bean 'org.springframework.ws.config.annotation.DelegatingWsConfiguration' of type [org.springframework.ws.config.annotation.DelegatingWsConfiguration$$EnhancerBySpringCGLIB$$95b39ede] is not eligible for getting processed by all BeanPostProcessors (for example: not eligible for auto-proxying)
2017-11-21 08:45:06.212 INFO  --- [main] org.springframework.ws.soap.addressing.server.AnnotationActionEndpointMapping Line:236 - Supporting [WS-Addressing August 2004, WS-Addressing 1.0]
2017-11-21 08:45:06.663 INFO  --- [main] org.springframework.boot.context.embedded.tomcat.TomcatEmbeddedServletContainer Line:89  - Tomcat initialized with port(s): 8080 (http)
2017-11-21 08:45:06.689 INFO  --- [main] org.apache.catalina.core.StandardService Line:179 - Starting service [Tomcat]
2017-11-21 08:45:06.694 INFO  --- [main] org.apache.catalina.core.StandardEngine Line:179 - Starting Servlet Engine: Apache Tomcat/8.5.23
2017-11-21 08:45:06.780 INFO  --- [localhost-startStop-1] org.apache.catalina.core.ContainerBase.[Tomcat].[localhost].[/] Line:179 - Initializing Spring embedded WebApplicationContext
2017-11-21 08:45:06.780 INFO  --- [localhost-startStop-1] org.springframework.web.context.ContextLoader Line:276 - Root WebApplicationContext: initialization completed in 1852 ms
2017-11-21 08:45:06.979 INFO  --- [localhost-startStop-1] org.springframework.boot.web.servlet.ServletRegistrationBean Line:190 - Mapping servlet: 'dispatcherServlet' to [/]
2017-11-21 08:45:06.980 INFO  --- [localhost-startStop-1] org.springframework.boot.web.servlet.ServletRegistrationBean Line:190 - Mapping servlet: 'messageDispatcherServlet' to [/services/*]
2017-11-21 08:45:06.983 INFO  --- [localhost-startStop-1] org.springframework.boot.web.servlet.FilterRegistrationBean Line:258 - Mapping filter: 'characterEncodingFilter' to: [/*]
2017-11-21 08:45:06.983 INFO  --- [localhost-startStop-1] org.springframework.boot.web.servlet.FilterRegistrationBean Line:258 - Mapping filter: 'hiddenHttpMethodFilter' to: [/*]
2017-11-21 08:45:06.983 INFO  --- [localhost-startStop-1] org.springframework.boot.web.servlet.FilterRegistrationBean Line:258 - Mapping filter: 'httpPutFormContentFilter' to: [/*]
2017-11-21 08:45:06.984 INFO  --- [localhost-startStop-1] org.springframework.boot.web.servlet.FilterRegistrationBean Line:258 - Mapping filter: 'requestContextFilter' to: [/*]
2017-11-21 08:45:07.847 INFO  --- [main] org.springframework.web.servlet.mvc.method.annotation.RequestMappingHandlerAdapter Line:534 - Looking for @ControllerAdvice: org.springframework.boot.context.embedded.AnnotationConfigEmbeddedWebApplicationContext@23529fee: startup date [Tue Nov 21 08:45:04 CST 2017]; root of context hierarchy
2017-11-21 08:45:07.902 INFO  --- [main] org.springframework.web.servlet.mvc.method.annotation.RequestMappingHandlerMapping Line:543 - Mapped "{[/simple/dirtyRead],methods=[GET]}" onto public void voidcl.SpringBoot.controller.SimpleController.dirtyRead()
2017-11-21 08:45:07.903 INFO  --- [main] org.springframework.web.servlet.mvc.method.annotation.RequestMappingHandlerMapping Line:543 - Mapped "{[/simple/repeat],methods=[POST]}" onto public void voidcl.SpringBoot.controller.SimpleController.repeatRead()
2017-11-21 08:45:07.903 INFO  --- [main] org.springframework.web.servlet.mvc.method.annotation.RequestMappingHandlerMapping Line:543 - Mapped "{[/simple/phantom],methods=[POST]}" onto public void voidcl.SpringBoot.controller.SimpleController.phantomRead()
2017-11-21 08:45:07.909 INFO  --- [main] org.springframework.web.servlet.mvc.method.annotation.RequestMappingHandlerMapping Line:543 - Mapped "{[/error]}" onto public org.springframework.http.ResponseEntity<java.util.Map<java.lang.String, java.lang.Object>> org.springframework.boot.autoconfigure.web.BasicErrorController.error(javax.servlet.http.HttpServletRequest)
2017-11-21 08:45:07.910 INFO  --- [main] org.springframework.web.servlet.mvc.method.annotation.RequestMappingHandlerMapping Line:543 - Mapped "{[/error],produces=[text/html]}" onto public org.springframework.web.servlet.ModelAndView org.springframework.boot.autoconfigure.web.BasicErrorController.errorHtml(javax.servlet.http.HttpServletRequest,javax.servlet.http.HttpServletResponse)
2017-11-21 08:45:07.982 INFO  --- [main] org.springframework.web.servlet.handler.SimpleUrlHandlerMapping Line:362 - Mapped URL path [/**/favicon.ico] onto handler of type [class org.springframework.web.servlet.resource.ResourceHttpRequestHandler]
2017-11-21 08:45:08.217 INFO  --- [main] org.springframework.jmx.export.annotation.AnnotationMBeanExporter Line:431 - Registering beans for JMX exposure on startup
2017-11-21 08:45:08.241 INFO  --- [main] org.apache.coyote.http11.Http11NioProtocol Line:179 - Initializing ProtocolHandler ["http-nio-8080"]
2017-11-21 08:45:08.251 INFO  --- [main] org.apache.coyote.http11.Http11NioProtocol Line:179 - Starting ProtocolHandler ["http-nio-8080"]
2017-11-21 08:45:08.276 INFO  --- [main] org.apache.tomcat.util.net.NioSelectorPool Line:179 - Using a shared selector for servlet write/read
2017-11-21 08:45:08.289 INFO  --- [main] org.springframework.boot.context.embedded.tomcat.TomcatEmbeddedServletContainer Line:201 - Tomcat started on port(s): 8080 (http)
2017-11-21 08:45:08.295 INFO  --- [main] voidcl.SpringBoot.SimpleApplication Line:57  - Started SimpleApplication in 3.734 seconds (JVM running for 4.34)
2017-11-21 08:45:31.209 INFO  --- [Thread-10] org.springframework.boot.context.embedded.AnnotationConfigEmbeddedWebApplicationContext Line:984 - Closing org.springframework.boot.context.embedded.AnnotationConfigEmbeddedWebApplicationContext@23529fee: startup date [Tue Nov 21 08:45:04 CST 2017]; root of context hierarchy
2017-11-21 08:45:31.212 INFO  --- [Thread-10] org.springframework.jmx.export.annotation.AnnotationMBeanExporter Line:449 - Unregistering JMX-exposed beans on shutdown
2017-11-21 08:45:33.348 INFO  --- [main] voidcl.SpringBoot.SimpleApplication Line:48  - Starting SimpleApplication on voidcl.local with PID 9889 (/Users/voidcl/IdeaProjects/SpringBoot-TranscationAndLog/target/classes started by voidcl in /Users/voidcl/IdeaProjects/SpringBoot-TranscationAndLog)
2017-11-21 08:45:33.349 INFO  --- [main] voidcl.SpringBoot.SimpleApplication Line:593 - No active profile set, falling back to default profiles: default
2017-11-21 08:45:33.400 INFO  --- [main] org.springframework.boot.context.embedded.AnnotationConfigEmbeddedWebApplicationContext Line:583 - Refreshing org.springframework.boot.context.embedded.AnnotationConfigEmbeddedWebApplicationContext@7f1302d6: startup date [Tue Nov 21 08:45:33 CST 2017]; root of context hierarchy
2017-11-21 08:45:33.466 INFO  --- [background-preinit] org.hibernate.validator.internal.util.Version Line:30  - HV000001: Hibernate Validator 5.3.5.Final
2017-11-21 08:45:33.834 INFO  --- [main] org.springframework.beans.factory.support.DefaultListableBeanFactory Line:828 - Overriding bean definition for bean 'sqlSessionTemplate1' with a different definition: replacing [Root bean: class [null]; scope=; abstract=false; lazyInit=false; autowireMode=3; dependencyCheck=0; autowireCandidate=true; primary=false; factoryBeanName=mybatisPrimaryConfigurer; factoryMethodName=sqlSessionTemplate1; initMethodName=null; destroyMethodName=(inferred); defined in class path resource [voidcl/SpringBoot/config/MybatisPrimaryConfigurer.class]] with [Root bean: class [null]; scope=; abstract=false; lazyInit=false; autowireMode=3; dependencyCheck=0; autowireCandidate=true; primary=false; factoryBeanName=mybatisSecondaryConfigurer; factoryMethodName=sqlSessionTemplate1; initMethodName=null; destroyMethodName=(inferred); defined in class path resource [voidcl/SpringBoot/config/MybatisSecondaryConfigurer.class]]
2017-11-21 08:45:34.309 INFO  --- [main] org.springframework.context.support.PostProcessorRegistrationDelegate$BeanPostProcessorChecker Line:327 - Bean 'org.springframework.ws.config.annotation.DelegatingWsConfiguration' of type [org.springframework.ws.config.annotation.DelegatingWsConfiguration$$EnhancerBySpringCGLIB$$43ac20dc] is not eligible for getting processed by all BeanPostProcessors (for example: not eligible for auto-proxying)
2017-11-21 08:45:34.344 INFO  --- [main] org.springframework.ws.soap.addressing.server.AnnotationActionEndpointMapping Line:236 - Supporting [WS-Addressing August 2004, WS-Addressing 1.0]
2017-11-21 08:45:34.664 INFO  --- [main] org.springframework.boot.context.embedded.tomcat.TomcatEmbeddedServletContainer Line:89  - Tomcat initialized with port(s): 8080 (http)
2017-11-21 08:45:34.675 INFO  --- [main] org.apache.catalina.core.StandardService Line:179 - Starting service [Tomcat]
2017-11-21 08:45:34.676 INFO  --- [main] org.apache.catalina.core.StandardEngine Line:179 - Starting Servlet Engine: Apache Tomcat/8.5.23
2017-11-21 08:45:34.744 INFO  --- [localhost-startStop-1] org.apache.catalina.core.ContainerBase.[Tomcat].[localhost].[/] Line:179 - Initializing Spring embedded WebApplicationContext
2017-11-21 08:45:34.744 INFO  --- [localhost-startStop-1] org.springframework.web.context.ContextLoader Line:276 - Root WebApplicationContext: initialization completed in 1344 ms
2017-11-21 08:45:34.887 INFO  --- [localhost-startStop-1] org.springframework.boot.web.servlet.ServletRegistrationBean Line:190 - Mapping servlet: 'dispatcherServlet' to [/]
2017-11-21 08:45:34.888 INFO  --- [localhost-startStop-1] org.springframework.boot.web.servlet.ServletRegistrationBean Line:190 - Mapping servlet: 'messageDispatcherServlet' to [/services/*]
2017-11-21 08:45:34.890 INFO  --- [localhost-startStop-1] org.springframework.boot.web.servlet.FilterRegistrationBean Line:258 - Mapping filter: 'characterEncodingFilter' to: [/*]
2017-11-21 08:45:34.890 INFO  --- [localhost-startStop-1] org.springframework.boot.web.servlet.FilterRegistrationBean Line:258 - Mapping filter: 'hiddenHttpMethodFilter' to: [/*]
2017-11-21 08:45:34.891 INFO  --- [localhost-startStop-1] org.springframework.boot.web.servlet.FilterRegistrationBean Line:258 - Mapping filter: 'httpPutFormContentFilter' to: [/*]
2017-11-21 08:45:34.891 INFO  --- [localhost-startStop-1] org.springframework.boot.web.servlet.FilterRegistrationBean Line:258 - Mapping filter: 'requestContextFilter' to: [/*]
2017-11-21 08:45:35.509 INFO  --- [main] org.springframework.web.servlet.mvc.method.annotation.RequestMappingHandlerAdapter Line:534 - Looking for @ControllerAdvice: org.springframework.boot.context.embedded.AnnotationConfigEmbeddedWebApplicationContext@7f1302d6: startup date [Tue Nov 21 08:45:33 CST 2017]; root of context hierarchy
2017-11-21 08:45:35.546 INFO  --- [main] org.springframework.web.servlet.mvc.method.annotation.RequestMappingHandlerMapping Line:543 - Mapped "{[/simple/dirtyRead],methods=[GET]}" onto public void voidcl.SpringBoot.controller.SimpleController.dirtyRead()
2017-11-21 08:45:35.547 INFO  --- [main] org.springframework.web.servlet.mvc.method.annotation.RequestMappingHandlerMapping Line:543 - Mapped "{[/simple/repeat],methods=[POST]}" onto public void voidcl.SpringBoot.controller.SimpleController.repeatRead()
2017-11-21 08:45:35.547 INFO  --- [main] org.springframework.web.servlet.mvc.method.annotation.RequestMappingHandlerMapping Line:543 - Mapped "{[/simple/phantom],methods=[POST]}" onto public void voidcl.SpringBoot.controller.SimpleController.phantomRead()
2017-11-21 08:45:35.554 INFO  --- [main] org.springframework.web.servlet.mvc.method.annotation.RequestMappingHandlerMapping Line:543 - Mapped "{[/error]}" onto public org.springframework.http.ResponseEntity<java.util.Map<java.lang.String, java.lang.Object>> org.springframework.boot.autoconfigure.web.BasicErrorController.error(javax.servlet.http.HttpServletRequest)
2017-11-21 08:45:35.555 INFO  --- [main] org.springframework.web.servlet.mvc.method.annotation.RequestMappingHandlerMapping Line:543 - Mapped "{[/error],produces=[text/html]}" onto public org.springframework.web.servlet.ModelAndView org.springframework.boot.autoconfigure.web.BasicErrorController.errorHtml(javax.servlet.http.HttpServletRequest,javax.servlet.http.HttpServletResponse)
2017-11-21 08:45:35.634 INFO  --- [main] org.springframework.web.servlet.handler.SimpleUrlHandlerMapping Line:362 - Mapped URL path [/**/favicon.ico] onto handler of type [class org.springframework.web.servlet.resource.ResourceHttpRequestHandler]
2017-11-21 08:45:35.862 INFO  --- [main] org.springframework.jmx.export.annotation.AnnotationMBeanExporter Line:431 - Registering beans for JMX exposure on startup
2017-11-21 08:45:35.888 INFO  --- [main] org.apache.coyote.http11.Http11NioProtocol Line:179 - Initializing ProtocolHandler ["http-nio-8080"]
2017-11-21 08:45:35.894 INFO  --- [main] org.apache.coyote.http11.Http11NioProtocol Line:179 - Starting ProtocolHandler ["http-nio-8080"]
2017-11-21 08:45:35.918 INFO  --- [main] org.apache.tomcat.util.net.NioSelectorPool Line:179 - Using a shared selector for servlet write/read
2017-11-21 08:45:35.928 INFO  --- [main] org.springframework.boot.context.embedded.tomcat.TomcatEmbeddedServletContainer Line:201 - Tomcat started on port(s): 8080 (http)
2017-11-21 08:45:35.932 INFO  --- [main] voidcl.SpringBoot.SimpleApplication Line:57  - Started SimpleApplication in 2.82 seconds (JVM running for 3.773)
2017-11-21 08:46:38.711 INFO  --- [http-nio-8080-exec-1] org.apache.catalina.core.ContainerBase.[Tomcat].[localhost].[/] Line:179 - Initializing Spring FrameworkServlet 'dispatcherServlet'
2017-11-21 08:46:38.711 INFO  --- [http-nio-8080-exec-1] org.springframework.web.servlet.DispatcherServlet Line:489 - FrameworkServlet 'dispatcherServlet': initialization started
2017-11-21 08:46:38.728 INFO  --- [http-nio-8080-exec-1] org.springframework.web.servlet.DispatcherServlet Line:508 - FrameworkServlet 'dispatcherServlet': initialization completed in 16 ms
2017-11-21 08:47:49.308 INFO  --- [Thread-15] org.springframework.beans.factory.xml.XmlBeanDefinitionReader Line:317 - Loading XML bean definitions from class path resource [org/springframework/jdbc/support/sql-error-codes.xml]
2017-11-21 08:47:49.337 INFO  --- [Thread-15] org.springframework.jdbc.support.SQLErrorCodesFactory Line:127 - SQLErrorCodes loaded: [DB2, Derby, H2, HSQL, Informix, MS-SQL, MySQL, Oracle, PostgreSQL, Sybase, Hana]
2017-11-21 08:48:15.403 INFO  --- [Thread-10] org.springframework.boot.context.embedded.AnnotationConfigEmbeddedWebApplicationContext Line:984 - Closing org.springframework.boot.context.embedded.AnnotationConfigEmbeddedWebApplicationContext@7f1302d6: startup date [Tue Nov 21 08:45:33 CST 2017]; root of context hierarchy
2017-11-21 08:48:15.407 INFO  --- [Thread-10] org.springframework.jmx.export.annotation.AnnotationMBeanExporter Line:449 - Unregistering JMX-exposed beans on shutdown
2017-11-21 08:48:46.446 INFO  --- [main] voidcl.SpringBoot.SimpleApplication Line:48  - Starting SimpleApplication on voidcl.local with PID 9922 (/Users/voidcl/IdeaProjects/SpringBoot-TranscationAndLog/target/classes started by voidcl in /Users/voidcl/IdeaProjects/SpringBoot-TranscationAndLog)
2017-11-21 08:48:46.447 INFO  --- [main] voidcl.SpringBoot.SimpleApplication Line:593 - No active profile set, falling back to default profiles: default
2017-11-21 08:48:46.496 INFO  --- [main] org.springframework.boot.context.embedded.AnnotationConfigEmbeddedWebApplicationContext Line:583 - Refreshing org.springframework.boot.context.embedded.AnnotationConfigEmbeddedWebApplicationContext@43ee72e6: startup date [Tue Nov 21 08:48:46 CST 2017]; root of context hierarchy
2017-11-21 08:48:46.612 INFO  --- [background-preinit] org.hibernate.validator.internal.util.Version Line:30  - HV000001: Hibernate Validator 5.3.5.Final
2017-11-21 08:48:46.914 INFO  --- [main] org.springframework.beans.factory.support.DefaultListableBeanFactory Line:828 - Overriding bean definition for bean 'sqlSessionTemplate1' with a different definition: replacing [Root bean: class [null]; scope=; abstract=false; lazyInit=false; autowireMode=3; dependencyCheck=0; autowireCandidate=true; primary=false; factoryBeanName=mybatisPrimaryConfigurer; factoryMethodName=sqlSessionTemplate1; initMethodName=null; destroyMethodName=(inferred); defined in class path resource [voidcl/SpringBoot/config/MybatisPrimaryConfigurer.class]] with [Root bean: class [null]; scope=; abstract=false; lazyInit=false; autowireMode=3; dependencyCheck=0; autowireCandidate=true; primary=false; factoryBeanName=mybatisSecondaryConfigurer; factoryMethodName=sqlSessionTemplate1; initMethodName=null; destroyMethodName=(inferred); defined in class path resource [voidcl/SpringBoot/config/MybatisSecondaryConfigurer.class]]
2017-11-21 08:48:47.394 INFO  --- [main] org.springframework.context.support.PostProcessorRegistrationDelegate$BeanPostProcessorChecker Line:327 - Bean 'org.springframework.ws.config.annotation.DelegatingWsConfiguration' of type [org.springframework.ws.config.annotation.DelegatingWsConfiguration$$EnhancerBySpringCGLIB$$48481dca] is not eligible for getting processed by all BeanPostProcessors (for example: not eligible for auto-proxying)
2017-11-21 08:48:47.432 INFO  --- [main] org.springframework.ws.soap.addressing.server.AnnotationActionEndpointMapping Line:236 - Supporting [WS-Addressing August 2004, WS-Addressing 1.0]
2017-11-21 08:48:47.834 INFO  --- [main] org.springframework.boot.context.embedded.tomcat.TomcatEmbeddedServletContainer Line:89  - Tomcat initialized with port(s): 8080 (http)
2017-11-21 08:48:47.851 INFO  --- [main] org.apache.catalina.core.StandardService Line:179 - Starting service [Tomcat]
2017-11-21 08:48:47.852 INFO  --- [main] org.apache.catalina.core.StandardEngine Line:179 - Starting Servlet Engine: Apache Tomcat/8.5.23
2017-11-21 08:48:47.938 INFO  --- [localhost-startStop-1] org.apache.catalina.core.ContainerBase.[Tomcat].[localhost].[/] Line:179 - Initializing Spring embedded WebApplicationContext
2017-11-21 08:48:47.938 INFO  --- [localhost-startStop-1] org.springframework.web.context.ContextLoader Line:276 - Root WebApplicationContext: initialization completed in 1443 ms
2017-11-21 08:48:48.149 INFO  --- [localhost-startStop-1] org.springframework.boot.web.servlet.ServletRegistrationBean Line:190 - Mapping servlet: 'dispatcherServlet' to [/]
2017-11-21 08:48:48.152 INFO  --- [localhost-startStop-1] org.springframework.boot.web.servlet.ServletRegistrationBean Line:190 - Mapping servlet: 'messageDispatcherServlet' to [/services/*]
2017-11-21 08:48:48.158 INFO  --- [localhost-startStop-1] org.springframework.boot.web.servlet.FilterRegistrationBean Line:258 - Mapping filter: 'characterEncodingFilter' to: [/*]
2017-11-21 08:48:48.159 INFO  --- [localhost-startStop-1] org.springframework.boot.web.servlet.FilterRegistrationBean Line:258 - Mapping filter: 'hiddenHttpMethodFilter' to: [/*]
2017-11-21 08:48:48.159 INFO  --- [localhost-startStop-1] org.springframework.boot.web.servlet.FilterRegistrationBean Line:258 - Mapping filter: 'httpPutFormContentFilter' to: [/*]
2017-11-21 08:48:48.159 INFO  --- [localhost-startStop-1] org.springframework.boot.web.servlet.FilterRegistrationBean Line:258 - Mapping filter: 'requestContextFilter' to: [/*]
2017-11-21 08:48:48.989 INFO  --- [main] org.springframework.web.servlet.mvc.method.annotation.RequestMappingHandlerAdapter Line:534 - Looking for @ControllerAdvice: org.springframework.boot.context.embedded.AnnotationConfigEmbeddedWebApplicationContext@43ee72e6: startup date [Tue Nov 21 08:48:46 CST 2017]; root of context hierarchy
2017-11-21 08:48:49.079 INFO  --- [main] org.springframework.web.servlet.mvc.method.annotation.RequestMappingHandlerMapping Line:543 - Mapped "{[/simple/dirtyRead],methods=[GET]}" onto public void voidcl.SpringBoot.controller.SimpleController.dirtyRead()
2017-11-21 08:48:49.081 INFO  --- [main] org.springframework.web.servlet.mvc.method.annotation.RequestMappingHandlerMapping Line:543 - Mapped "{[/simple/repeat],methods=[POST]}" onto public void voidcl.SpringBoot.controller.SimpleController.repeatRead()
2017-11-21 08:48:49.082 INFO  --- [main] org.springframework.web.servlet.mvc.method.annotation.RequestMappingHandlerMapping Line:543 - Mapped "{[/simple/phantom],methods=[POST]}" onto public void voidcl.SpringBoot.controller.SimpleController.phantomRead()
2017-11-21 08:48:49.091 INFO  --- [main] org.springframework.web.servlet.mvc.method.annotation.RequestMappingHandlerMapping Line:543 - Mapped "{[/error]}" onto public org.springframework.http.ResponseEntity<java.util.Map<java.lang.String, java.lang.Object>> org.springframework.boot.autoconfigure.web.BasicErrorController.error(javax.servlet.http.HttpServletRequest)
2017-11-21 08:48:49.092 INFO  --- [main] org.springframework.web.servlet.mvc.method.annotation.RequestMappingHandlerMapping Line:543 - Mapped "{[/error],produces=[text/html]}" onto public org.springframework.web.servlet.ModelAndView org.springframework.boot.autoconfigure.web.BasicErrorController.errorHtml(javax.servlet.http.HttpServletRequest,javax.servlet.http.HttpServletResponse)
2017-11-21 08:48:49.211 INFO  --- [main] org.springframework.web.servlet.handler.SimpleUrlHandlerMapping Line:362 - Mapped URL path [/**/favicon.ico] onto handler of type [class org.springframework.web.servlet.resource.ResourceHttpRequestHandler]
2017-11-21 08:48:49.496 INFO  --- [main] org.springframework.jmx.export.annotation.AnnotationMBeanExporter Line:431 - Registering beans for JMX exposure on startup
2017-11-21 08:48:49.522 INFO  --- [main] org.apache.coyote.http11.Http11NioProtocol Line:179 - Initializing ProtocolHandler ["http-nio-8080"]
2017-11-21 08:48:49.534 INFO  --- [main] org.apache.coyote.http11.Http11NioProtocol Line:179 - Starting ProtocolHandler ["http-nio-8080"]
2017-11-21 08:48:49.564 INFO  --- [main] org.apache.tomcat.util.net.NioSelectorPool Line:179 - Using a shared selector for servlet write/read
2017-11-21 08:48:49.576 INFO  --- [main] org.springframework.boot.context.embedded.tomcat.TomcatEmbeddedServletContainer Line:201 - Tomcat started on port(s): 8080 (http)
2017-11-21 08:48:49.581 INFO  --- [main] voidcl.SpringBoot.SimpleApplication Line:57  - Started SimpleApplication in 3.368 seconds (JVM running for 3.943)
2017-11-21 08:49:17.788 INFO  --- [Thread-10] org.springframework.boot.context.embedded.AnnotationConfigEmbeddedWebApplicationContext Line:984 - Closing org.springframework.boot.context.embedded.AnnotationConfigEmbeddedWebApplicationContext@43ee72e6: startup date [Tue Nov 21 08:48:46 CST 2017]; root of context hierarchy
2017-11-21 08:49:17.791 INFO  --- [Thread-10] org.springframework.jmx.export.annotation.AnnotationMBeanExporter Line:449 - Unregistering JMX-exposed beans on shutdown
2017-11-21 08:49:19.524 INFO  --- [main] voidcl.SpringBoot.SimpleApplication Line:48  - Starting SimpleApplication on voidcl.local with PID 9930 (/Users/voidcl/IdeaProjects/SpringBoot-TranscationAndLog/target/classes started by voidcl in /Users/voidcl/IdeaProjects/SpringBoot-TranscationAndLog)
2017-11-21 08:49:19.525 INFO  --- [main] voidcl.SpringBoot.SimpleApplication Line:593 - No active profile set, falling back to default profiles: default
2017-11-21 08:49:19.565 INFO  --- [main] org.springframework.boot.context.embedded.AnnotationConfigEmbeddedWebApplicationContext Line:583 - Refreshing org.springframework.boot.context.embedded.AnnotationConfigEmbeddedWebApplicationContext@43ee72e6: startup date [Tue Nov 21 08:49:19 CST 2017]; root of context hierarchy
2017-11-21 08:49:19.643 INFO  --- [background-preinit] org.hibernate.validator.internal.util.Version Line:30  - HV000001: Hibernate Validator 5.3.5.Final
2017-11-21 08:49:20.041 INFO  --- [main] org.springframework.beans.factory.support.DefaultListableBeanFactory Line:828 - Overriding bean definition for bean 'sqlSessionTemplate1' with a different definition: replacing [Root bean: class [null]; scope=; abstract=false; lazyInit=false; autowireMode=3; dependencyCheck=0; autowireCandidate=true; primary=false; factoryBeanName=mybatisPrimaryConfigurer; factoryMethodName=sqlSessionTemplate1; initMethodName=null; destroyMethodName=(inferred); defined in class path resource [voidcl/SpringBoot/config/MybatisPrimaryConfigurer.class]] with [Root bean: class [null]; scope=; abstract=false; lazyInit=false; autowireMode=3; dependencyCheck=0; autowireCandidate=true; primary=false; factoryBeanName=mybatisSecondaryConfigurer; factoryMethodName=sqlSessionTemplate1; initMethodName=null; destroyMethodName=(inferred); defined in class path resource [voidcl/SpringBoot/config/MybatisSecondaryConfigurer.class]]
2017-11-21 08:49:20.562 INFO  --- [main] org.springframework.context.support.PostProcessorRegistrationDelegate$BeanPostProcessorChecker Line:327 - Bean 'org.springframework.ws.config.annotation.DelegatingWsConfiguration' of type [org.springframework.ws.config.annotation.DelegatingWsConfiguration$$EnhancerBySpringCGLIB$$6c4c26ab] is not eligible for getting processed by all BeanPostProcessors (for example: not eligible for auto-proxying)
2017-11-21 08:49:20.618 INFO  --- [main] org.springframework.ws.soap.addressing.server.AnnotationActionEndpointMapping Line:236 - Supporting [WS-Addressing August 2004, WS-Addressing 1.0]
2017-11-21 08:49:20.924 INFO  --- [main] org.springframework.boot.context.embedded.tomcat.TomcatEmbeddedServletContainer Line:89  - Tomcat initialized with port(s): 8080 (http)
2017-11-21 08:49:20.933 INFO  --- [main] org.apache.catalina.core.StandardService Line:179 - Starting service [Tomcat]
2017-11-21 08:49:20.934 INFO  --- [main] org.apache.catalina.core.StandardEngine Line:179 - Starting Servlet Engine: Apache Tomcat/8.5.23
2017-11-21 08:49:20.979 INFO  --- [localhost-startStop-1] org.apache.catalina.core.ContainerBase.[Tomcat].[localhost].[/] Line:179 - Initializing Spring embedded WebApplicationContext
2017-11-21 08:49:20.979 INFO  --- [localhost-startStop-1] org.springframework.web.context.ContextLoader Line:276 - Root WebApplicationContext: initialization completed in 1414 ms
2017-11-21 08:49:21.098 INFO  --- [localhost-startStop-1] org.springframework.boot.web.servlet.ServletRegistrationBean Line:190 - Mapping servlet: 'dispatcherServlet' to [/]
2017-11-21 08:49:21.099 INFO  --- [localhost-startStop-1] org.springframework.boot.web.servlet.ServletRegistrationBean Line:190 - Mapping servlet: 'messageDispatcherServlet' to [/services/*]
2017-11-21 08:49:21.101 INFO  --- [localhost-startStop-1] org.springframework.boot.web.servlet.FilterRegistrationBean Line:258 - Mapping filter: 'characterEncodingFilter' to: [/*]
2017-11-21 08:49:21.101 INFO  --- [localhost-startStop-1] org.springframework.boot.web.servlet.FilterRegistrationBean Line:258 - Mapping filter: 'hiddenHttpMethodFilter' to: [/*]
2017-11-21 08:49:21.101 INFO  --- [localhost-startStop-1] org.springframework.boot.web.servlet.FilterRegistrationBean Line:258 - Mapping filter: 'httpPutFormContentFilter' to: [/*]
2017-11-21 08:49:21.101 INFO  --- [localhost-startStop-1] org.springframework.boot.web.servlet.FilterRegistrationBean Line:258 - Mapping filter: 'requestContextFilter' to: [/*]
2017-11-21 08:49:21.657 INFO  --- [main] org.springframework.web.servlet.mvc.method.annotation.RequestMappingHandlerAdapter Line:534 - Looking for @ControllerAdvice: org.springframework.boot.context.embedded.AnnotationConfigEmbeddedWebApplicationContext@43ee72e6: startup date [Tue Nov 21 08:49:19 CST 2017]; root of context hierarchy
2017-11-21 08:49:21.693 INFO  --- [main] org.springframework.web.servlet.mvc.method.annotation.RequestMappingHandlerMapping Line:543 - Mapped "{[/simple/dirtyRead],methods=[GET]}" onto public void voidcl.SpringBoot.controller.SimpleController.dirtyRead()
2017-11-21 08:49:21.694 INFO  --- [main] org.springframework.web.servlet.mvc.method.annotation.RequestMappingHandlerMapping Line:543 - Mapped "{[/simple/repeat],methods=[POST]}" onto public void voidcl.SpringBoot.controller.SimpleController.repeatRead()
2017-11-21 08:49:21.694 INFO  --- [main] org.springframework.web.servlet.mvc.method.annotation.RequestMappingHandlerMapping Line:543 - Mapped "{[/simple/phantom],methods=[POST]}" onto public void voidcl.SpringBoot.controller.SimpleController.phantomRead()
2017-11-21 08:49:21.699 INFO  --- [main] org.springframework.web.servlet.mvc.method.annotation.RequestMappingHandlerMapping Line:543 - Mapped "{[/error]}" onto public org.springframework.http.ResponseEntity<java.util.Map<java.lang.String, java.lang.Object>> org.springframework.boot.autoconfigure.web.BasicErrorController.error(javax.servlet.http.HttpServletRequest)
2017-11-21 08:49:21.699 INFO  --- [main] org.springframework.web.servlet.mvc.method.annotation.RequestMappingHandlerMapping Line:543 - Mapped "{[/error],produces=[text/html]}" onto public org.springframework.web.servlet.ModelAndView org.springframework.boot.autoconfigure.web.BasicErrorController.errorHtml(javax.servlet.http.HttpServletRequest,javax.servlet.http.HttpServletResponse)
2017-11-21 08:49:21.763 INFO  --- [main] org.springframework.web.servlet.handler.SimpleUrlHandlerMapping Line:362 - Mapped URL path [/**/favicon.ico] onto handler of type [class org.springframework.web.servlet.resource.ResourceHttpRequestHandler]
2017-11-21 08:49:21.964 INFO  --- [main] org.springframework.jmx.export.annotation.AnnotationMBeanExporter Line:431 - Registering beans for JMX exposure on startup
2017-11-21 08:49:21.984 INFO  --- [main] org.apache.coyote.http11.Http11NioProtocol Line:179 - Initializing ProtocolHandler ["http-nio-8080"]
2017-11-21 08:49:21.991 INFO  --- [main] org.apache.coyote.http11.Http11NioProtocol Line:179 - Starting ProtocolHandler ["http-nio-8080"]
2017-11-21 08:49:22.015 INFO  --- [main] org.apache.tomcat.util.net.NioSelectorPool Line:179 - Using a shared selector for servlet write/read
2017-11-21 08:49:22.024 INFO  --- [main] org.springframework.boot.context.embedded.tomcat.TomcatEmbeddedServletContainer Line:201 - Tomcat started on port(s): 8080 (http)
2017-11-21 08:49:22.028 INFO  --- [main] voidcl.SpringBoot.SimpleApplication Line:57  - Started SimpleApplication in 2.774 seconds (JVM running for 3.525)
2017-11-21 08:52:58.908 INFO  --- [http-nio-8080-exec-1] org.apache.catalina.core.ContainerBase.[Tomcat].[localhost].[/] Line:179 - Initializing Spring FrameworkServlet 'dispatcherServlet'
2017-11-21 08:52:58.909 INFO  --- [http-nio-8080-exec-1] org.springframework.web.servlet.DispatcherServlet Line:489 - FrameworkServlet 'dispatcherServlet': initialization started
2017-11-21 08:52:58.934 INFO  --- [http-nio-8080-exec-1] org.springframework.web.servlet.DispatcherServlet Line:508 - FrameworkServlet 'dispatcherServlet': initialization completed in 25 ms
2017-11-21 08:53:26.844 INFO  --- [Thread-9] org.springframework.boot.context.embedded.AnnotationConfigEmbeddedWebApplicationContext Line:984 - Closing org.springframework.boot.context.embedded.AnnotationConfigEmbeddedWebApplicationContext@43ee72e6: startup date [Tue Nov 21 08:49:19 CST 2017]; root of context hierarchy
2017-11-21 08:53:26.847 INFO  --- [Thread-9] org.springframework.jmx.export.annotation.AnnotationMBeanExporter Line:449 - Unregistering JMX-exposed beans on shutdown
